============================= test session starts =============================
platform win32 -- Python 3.13.13, pytest-9.1.1, pluggy-1.6.0
rootdir: C:\Users\LENOVO\Desktop\mini-harness
configfile: pyproject.toml
plugins: anyio-4.15.1, hypothesis-6.167.1, asyncio-1.4.0, cov-7.1.0
asyncio: mode=Mode.AUTO, debug=False, asyncio_default_fixture_loop_scope=None, asyncio_default_test_loop_scope=function
collected 27 items

tests\unit\test_scope.py ...........................                     [100%]

============================= 27 passed in 0.34s ==============================
